2025-02-03T10:17:54.375699Z 0 [System] [MY-015015] [Server] MySQL Server - start.
2025-02-03T10:17:54.792294Z 0 [Warning] [MY-010097] [Server] Insecure configuration for --secure-file-priv: Current value does not restrict location of generated files. Consider setting it to a valid, non-empty path.
2025-02-03T10:17:54.792446Z 0 [System] [MY-010116] [Server] E:\applications\web-apps\laragon\bin\mysql\mysql-8.4.3-winx64\bin\mysqld (mysqld 8.4.3) starting as process 3696
2025-02-03T10:17:54.877058Z 1 [System] [MY-013576] [InnoDB] InnoDB initialization has started.
2025-02-03T10:17:55.974308Z 1 [System] [MY-013577] [InnoDB] InnoDB initialization has ended.
2025-02-03T10:17:57.212473Z 0 [Warning] [MY-013829] [Server] Missing data directory for ICU regular expressions: E:\applications\web-apps\laragon\bin\mysql\mysql-8.4.3-winx64\lib\private\.
2025-02-03T10:17:57.245556Z 0 [Warning] [MY-010068] [Server] CA certificate ca.pem is self signed.
2025-02-03T10:17:57.246899Z 0 [System] [MY-013602] [Server] Channel mysql_main configured to support TLS. Encrypted connections are now supported for this channel.
2025-02-03T10:17:57.371098Z 0 [System] [MY-011323] [Server] X Plugin ready for connections. Bind-address: '::' port: 33060
2025-02-03T10:17:57.371507Z 0 [System] [MY-010931] [Server] E:\applications\web-apps\laragon\bin\mysql\mysql-8.4.3-winx64\bin\mysqld: ready for connections. Version: '8.4.3'  socket: ''  port: 3306  MySQL Community Server - GPL.
2025-02-03T10:18:56.733303Z 8 [System] [MY-013172] [Server] Received SHUTDOWN from user root. Shutting down mysqld (Version: 8.4.3).
2025-02-03T10:18:56.735676Z 0 [System] [MY-013105] [Server] E:\applications\web-apps\laragon\bin\mysql\mysql-8.4.3-winx64\bin\mysqld: Normal shutdown.
2025-02-03T10:18:57.790862Z 0 [System] [MY-010910] [Server] E:\applications\web-apps\laragon\bin\mysql\mysql-8.4.3-winx64\bin\mysqld: Shutdown complete (mysqld 8.4.3)  MySQL Community Server - GPL.
2025-02-03T10:18:57.793239Z 0 [System] [MY-015016] [Server] MySQL Server - end.
2025-02-03T10:43:57.163817Z 0 [System] [MY-015015] [Server] MySQL Server - start.
2025-02-03T10:43:58.535857Z 0 [Warning] [MY-010097] [Server] Insecure configuration for --secure-file-priv: Current value does not restrict location of generated files. Consider setting it to a valid, non-empty path.
2025-02-03T10:43:58.536017Z 0 [System] [MY-010116] [Server] E:\applications\web-apps\laragon\bin\mysql\mysql-8.4.3-winx64\bin\mysqld (mysqld 8.4.3) starting as process 1212
2025-02-03T10:43:58.672796Z 1 [System] [MY-013576] [InnoDB] InnoDB initialization has started.
2025-02-03T10:44:01.395907Z 1 [System] [MY-013577] [InnoDB] InnoDB initialization has ended.
2025-02-03T10:44:02.761160Z 0 [Warning] [MY-013829] [Server] Missing data directory for ICU regular expressions: E:\applications\web-apps\laragon\bin\mysql\mysql-8.4.3-winx64\lib\private\.
2025-02-03T10:44:02.809606Z 0 [Warning] [MY-010068] [Server] CA certificate ca.pem is self signed.
2025-02-03T10:44:02.814403Z 0 [System] [MY-013602] [Server] Channel mysql_main configured to support TLS. Encrypted connections are now supported for this channel.
2025-02-03T10:44:03.073057Z 0 [System] [MY-011323] [Server] X Plugin ready for connections. Bind-address: '::' port: 33060
2025-02-03T10:44:03.077609Z 0 [System] [MY-010931] [Server] E:\applications\web-apps\laragon\bin\mysql\mysql-8.4.3-winx64\bin\mysqld: ready for connections. Version: '8.4.3'  socket: ''  port: 3306  MySQL Community Server - GPL.
2025-02-03T11:19:38.618349Z 9 [System] [MY-013172] [Server] Received SHUTDOWN from user root. Shutting down mysqld (Version: 8.4.3).
2025-02-03T11:19:38.621043Z 0 [System] [MY-013105] [Server] E:\applications\web-apps\laragon\bin\mysql\mysql-8.4.3-winx64\bin\mysqld: Normal shutdown.
2025-02-03T11:19:39.922861Z 0 [System] [MY-010910] [Server] E:\applications\web-apps\laragon\bin\mysql\mysql-8.4.3-winx64\bin\mysqld: Shutdown complete (mysqld 8.4.3)  MySQL Community Server - GPL.
2025-02-03T11:19:39.925449Z 0 [System] [MY-015016] [Server] MySQL Server - end.
